<?xml version="1.0" encoding="UTF-8"?>
<testng-results skipped="0" failed="0" ignored="0" total="1" passed="1">
  <reporter-output>
  </reporter-output>
  <suite name="Default suite" duration-ms="91954" started-at="2020-10-06T06:06:01Z" finished-at="2020-10-06T06:07:33Z">
    <groups>
    </groups>
    <test name="Default test" duration-ms="91954" started-at="2020-10-06T06:06:01Z" finished-at="2020-10-06T06:07:33Z">
      <class name="dynamic_calender.calenderhandling">
        <test-method status="PASS" signature="beforeMethod()[pri:0, instance:dynamic_calender.calenderhandling@51c8530f]" name="beforeMethod" is-config="true" duration-ms="51155" started-at="2020-10-06T06:06:01Z" finished-at="2020-10-06T06:06:52Z">
          <reporter-output>
          </reporter-output>
        </test-method> <!-- beforeMethod -->
        <test-method status="PASS" signature="Calender()[pri:0, instance:dynamic_calender.calenderhandling@51c8530f]" name="Calender" duration-ms="40773" started-at="2020-10-06T06:06:52Z" finished-at="2020-10-06T06:07:33Z">
          <reporter-output>
          </reporter-output>
        </test-method> <!-- Calender -->
        <test-method status="PASS" signature="afterMethod()[pri:0, instance:dynamic_calender.calenderhandling@51c8530f]" name="afterMethod" is-config="true" duration-ms="0" started-at="2020-10-06T06:07:33Z" finished-at="2020-10-06T06:07:33Z">
          <reporter-output>
          </reporter-output>
        </test-method> <!-- afterMethod -->
      </class> <!-- dynamic_calender.calenderhandling -->
    </test> <!-- Default test -->
  </suite> <!-- Default suite -->
</testng-results>
